24378376
414
2324993896794
2620920442
19875230370971608
280821017747065
30709750800
2677099
260806417053553933
1424439700956290
25741598445416
304512
279074
2905
229429809567
2837
2782246512335089
2325297069654299
19407443
21802
2307938015
202941541437021190
148716899775598
2727235052624242
2892
3046156254950
28238524496446981
136148169
15022440
29315596764600
27903395939406403
25505196272
20202046494952529
2187462864576
26661253443
261067402655842260
12886284
26487138161009
296631
2220
2196450938992
1861126374048
300553082069556029
276253018126314418
295887386775
301067541329
272234162927460440
2838552604
280634425041
3007358
300306749964369
265469238
56964373575748
20278585421580733
282213069663566524
1658640392553582
2418355276
16454607
17425
2572
28116983072
229416857492
16392
23489864106
1754471257525
31136295032
1372923766653989
257323693311775539
2064691140
2826
24744
3091091367500
29330253245099714
293747728
29693383684146483
1363145356029
141536419114619713
2457304724
302093217467
129029090
324980035930
752877825
112413
22859810077627
299614665898604948
2895411392
270614646882
22239685355
756909
2507347797
2911501820
27142969785202065
1991
2932085832
100466187
573190235
30869365721227471
25228703
1531580986129
1903
